{"C:\\Users\\USER\\Hacktiv8\\phase-3\\hackmeet-server\\app.js": {"path":"C:\\Users\\USER\\Hacktiv8\\phase-3\\hackmeet-server\\app.js","statementMap":{"0":{"start":{"line":1,"column":13},"end":{"line":1,"column":28}},"1":{"start":{"line":2,"column":16},"end":{"line":2,"column":34}},"2":{"start":{"line":3,"column":15},"end":{"line":3,"column":41}},"3":{"start":{"line":4,"column":21},"end":{"line":4,"column":58}},"4":{"start":{"line":5,"column":17},"end":{"line":5,"column":36}},"5":{"start":{"line":6,"column":15},"end":{"line":6,"column":35}},"6":{"start":{"line":7,"column":12},"end":{"line":7,"column":21}},"7":{"start":{"line":8,"column":15},"end":{"line":8,"column":42}},"8":{"start":{"line":10,"column":0},"end":{"line":10,"column":15}},"9":{"start":{"line":11,"column":0},"end":{"line":11,"column":23}},"10":{"start":{"line":12,"column":0},"end":{"line":12,"column":48}},"11":{"start":{"line":14,"column":0},"end":{"line":14,"column":15}},"12":{"start":{"line":15,"column":0},"end":{"line":15,"column":21}},"13":{"start":{"line":17,"column":11},"end":{"line":21,"column":2}},"14":{"start":{"line":23,"column":0},"end":{"line":103,"column":2}},"15":{"start":{"line":24,"column":2},"end":{"line":24,"column":38}},"16":{"start":{"line":25,"column":2},"end":{"line":56,"column":4}},"17":{"start":{"line":26,"column":4},"end":{"line":55,"column":5}},"18":{"start":{"line":27,"column":17},"end":{"line":31,"column":8}},"19":{"start":{"line":32,"column":6},"end":{"line":45,"column":7}},"20":{"start":{"line":33,"column":8},"end":{"line":36,"column":10}},"21":{"start":{"line":37,"column":8},"end":{"line":37,"column":41}},"22":{"start":{"line":39,"column":8},"end":{"line":43,"column":12}},"23":{"start":{"line":44,"column":8},"end":{"line":44,"column":41}},"24":{"start":{"line":46,"column":6},"end":{"line":46,"column":69}},"25":{"start":{"line":48,"column":6},"end":{"line":48,"column":83}},"26":{"start":{"line":50,"column":6},"end":{"line":52,"column":7}},"27":{"start":{"line":51,"column":8},"end":{"line":51,"column":83}},"28":{"start":{"line":54,"column":6},"end":{"line":54,"column":24}},"29":{"start":{"line":57,"column":2},"end":{"line":71,"column":4}},"30":{"start":{"line":58,"column":17},"end":{"line":69,"column":6}},"31":{"start":{"line":70,"column":4},"end":{"line":70,"column":57}},"32":{"start":{"line":73,"column":2},"end":{"line":75,"column":4}},"33":{"start":{"line":74,"column":4},"end":{"line":74,"column":52}},"34":{"start":{"line":77,"column":2},"end":{"line":99,"column":4}},"35":{"start":{"line":78,"column":4},"end":{"line":98,"column":5}},"36":{"start":{"line":79,"column":26},"end":{"line":90,"column":8}},"37":{"start":{"line":91,"column":6},"end":{"line":91,"column":69}},"38":{"start":{"line":92,"column":6},"end":{"line":95,"column":7}},"39":{"start":{"line":93,"column":8},"end":{"line":93,"column":71}},"40":{"start":{"line":94,"column":8},"end":{"line":94,"column":35}},"41":{"start":{"line":97,"column":6},"end":{"line":97,"column":24}},"42":{"start":{"line":100,"column":2},"end":{"line":102,"column":4}},"43":{"start":{"line":101,"column":4},"end":{"line":101,"column":26}},"44":{"start":{"line":105,"column":0},"end":{"line":105,"column":31}}},"fnMap":{"0":{"name":"(anonymous_0)","decl":{"start":{"line":23,"column":20},"end":{"line":23,"column":21}},"loc":{"start":{"line":23,"column":32},"end":{"line":103,"column":1}},"line":23},"1":{"name":"(anonymous_1)","decl":{"start":{"line":25,"column":25},"end":{"line":25,"column":26}},"loc":{"start":{"line":25,"column":53},"end":{"line":56,"column":3}},"line":25},"2":{"name":"(anonymous_2)","decl":{"start":{"line":57,"column":29},"end":{"line":57,"column":30}},"loc":{"start":{"line":57,"column":47},"end":{"line":71,"column":3}},"line":57},"3":{"name":"(anonymous_3)","decl":{"start":{"line":73,"column":28},"end":{"line":73,"column":29}},"loc":{"start":{"line":73,"column":47},"end":{"line":75,"column":3}},"line":73},"4":{"name":"(anonymous_4)","decl":{"start":{"line":77,"column":31},"end":{"line":77,"column":32}},"loc":{"start":{"line":77,"column":49},"end":{"line":99,"column":3}},"line":77},"5":{"name":"(anonymous_5)","decl":{"start":{"line":100,"column":26},"end":{"line":100,"column":27}},"loc":{"start":{"line":100,"column":38},"end":{"line":102,"column":3}},"line":100}},"branchMap":{"0":{"loc":{"start":{"line":32,"column":6},"end":{"line":45,"column":7}},"type":"if","locations":[{"start":{"line":32,"column":6},"end":{"line":45,"column":7}},{"start":{"line":38,"column":13},"end":{"line":45,"column":7}}],"line":32},"1":{"loc":{"start":{"line":50,"column":6},"end":{"line":52,"column":7}},"type":"if","locations":[{"start":{"line":50,"column":6},"end":{"line":52,"column":7}},{"start":{},"end":{}}],"line":50},"2":{"loc":{"start":{"line":92,"column":6},"end":{"line":95,"column":7}},"type":"if","locations":[{"start":{"line":92,"column":6},"end":{"line":95,"column":7}},{"start":{},"end":{}}],"line":92}},"s":{"0":4,"1":4,"2":4,"3":4,"4":4,"5":4,"6":4,"7":4,"8":4,"9":4,"10":4,"11":4,"12":4,"13":4,"14":4,"15":5,"16":5,"17":5,"18":5,"19":5,"20":1,"21":1,"22":4,"23":4,"24":5,"25":5,"26":5,"27":1,"28":0,"29":5,"30":1,"31":1,"32":5,"33":0,"34":5,"35":1,"36":1,"37":1,"38":1,"39":1,"40":1,"41":0,"42":5,"43":5,"44":4},"f":{"0":5,"1":5,"2":1,"3":0,"4":1,"5":5},"b":{"0":[1,4],"1":[1,4],"2":[1,0]},"_coverageSchema":"1a1c01bbd47fc00a2c39e90264f33305004495a9","hash":"faf66d6e7cb4dc605b2845aeb9215f9875b53227"}
,"C:\\Users\\USER\\Hacktiv8\\phase-3\\hackmeet-server\\controllers\\profileController.js": {"path":"C:\\Users\\USER\\Hacktiv8\\phase-3\\hackmeet-server\\controllers\\profileController.js","statementMap":{"0":{"start":{"line":1,"column":20},"end":{"line":1,"column":40}},"1":{"start":{"line":5,"column":23},"end":{"line":5,"column":31}},"2":{"start":{"line":6,"column":8},"end":{"line":15,"column":9}},"3":{"start":{"line":7,"column":61},"end":{"line":7,"column":69}},"4":{"start":{"line":8,"column":12},"end":{"line":10,"column":13}},"5":{"start":{"line":9,"column":16},"end":{"line":9,"column":80}},"6":{"start":{"line":11,"column":31},"end":{"line":11,"column":105}},"7":{"start":{"line":12,"column":12},"end":{"line":12,"column":44}},"8":{"start":{"line":14,"column":12},"end":{"line":14,"column":23}},"9":{"start":{"line":19,"column":23},"end":{"line":19,"column":31}},"10":{"start":{"line":20,"column":8},"end":{"line":25,"column":9}},"11":{"start":{"line":21,"column":25},"end":{"line":21,"column":73}},"12":{"start":{"line":22,"column":12},"end":{"line":22,"column":38}},"13":{"start":{"line":24,"column":12},"end":{"line":24,"column":23}},"14":{"start":{"line":29,"column":8},"end":{"line":38,"column":9}},"15":{"start":{"line":30,"column":29},"end":{"line":34,"column":14}},"16":{"start":{"line":35,"column":12},"end":{"line":35,"column":42}},"17":{"start":{"line":37,"column":12},"end":{"line":37,"column":23}},"18":{"start":{"line":42,"column":8},"end":{"line":68,"column":9}},"19":{"start":{"line":43,"column":35},"end":{"line":43,"column":43}},"20":{"start":{"line":44,"column":30},"end":{"line":44,"column":38}},"21":{"start":{"line":46,"column":12},"end":{"line":61,"column":13}},"22":{"start":{"line":48,"column":20},"end":{"line":48,"column":80}},"23":{"start":{"line":49,"column":20},"end":{"line":49,"column":26}},"24":{"start":{"line":52,"column":20},"end":{"line":52,"column":81}},"25":{"start":{"line":53,"column":20},"end":{"line":53,"column":26}},"26":{"start":{"line":56,"column":20},"end":{"line":56,"column":81}},"27":{"start":{"line":57,"column":20},"end":{"line":57,"column":26}},"28":{"start":{"line":60,"column":20},"end":{"line":60,"column":75}},"29":{"start":{"line":63,"column":12},"end":{"line":65,"column":15}},"30":{"start":{"line":67,"column":12},"end":{"line":67,"column":24}},"31":{"start":{"line":72,"column":0},"end":{"line":72,"column":34}}},"fnMap":{"0":{"name":"(anonymous_0)","decl":{"start":{"line":4,"column":4},"end":{"line":4,"column":5}},"loc":{"start":{"line":4,"column":47},"end":{"line":16,"column":5}},"line":4},"1":{"name":"(anonymous_1)","decl":{"start":{"line":18,"column":4},"end":{"line":18,"column":5}},"loc":{"start":{"line":18,"column":48},"end":{"line":26,"column":5}},"line":18},"2":{"name":"(anonymous_2)","decl":{"start":{"line":28,"column":4},"end":{"line":28,"column":5}},"loc":{"start":{"line":28,"column":47},"end":{"line":39,"column":5}},"line":28},"3":{"name":"(anonymous_3)","decl":{"start":{"line":41,"column":4},"end":{"line":41,"column":5}},"loc":{"start":{"line":41,"column":42},"end":{"line":69,"column":5}},"line":41}},"branchMap":{"0":{"loc":{"start":{"line":8,"column":12},"end":{"line":10,"column":13}},"type":"if","locations":[{"start":{"line":8,"column":12},"end":{"line":10,"column":13}},{"start":{},"end":{}}],"line":8},"1":{"loc":{"start":{"line":46,"column":12},"end":{"line":61,"column":13}},"type":"switch","locations":[{"start":{"line":47,"column":16},"end":{"line":49,"column":26}},{"start":{"line":51,"column":16},"end":{"line":53,"column":26}},{"start":{"line":55,"column":16},"end":{"line":57,"column":26}},{"start":{"line":59,"column":16},"end":{"line":60,"column":75}}],"line":46}},"s":{"0":4,"1":2,"2":2,"3":2,"4":2,"5":1,"6":1,"7":1,"8":1,"9":1,"10":1,"11":1,"12":1,"13":0,"14":1,"15":1,"16":1,"17":0,"18":6,"19":6,"20":6,"21":6,"22":1,"23":1,"24":1,"25":1,"26":1,"27":1,"28":3,"29":3,"30":3,"31":4},"f":{"0":2,"1":1,"2":1,"3":6},"b":{"0":[1,1],"1":[1,1,1,3]},"_coverageSchema":"1a1c01bbd47fc00a2c39e90264f33305004495a9","hash":"68811e9469b118a06bdbe0141604a5f010fd1dea"}
,"C:\\Users\\USER\\Hacktiv8\\phase-3\\hackmeet-server\\controllers\\questionController.js": {"path":"C:\\Users\\USER\\Hacktiv8\\phase-3\\hackmeet-server\\controllers\\questionController.js","statementMap":{"0":{"start":{"line":1,"column":21},"end":{"line":1,"column":41}},"1":{"start":{"line":5,"column":4},"end":{"line":17,"column":5}},"2":{"start":{"line":6,"column":27},"end":{"line":10,"column":8}},"3":{"start":{"line":11,"column":6},"end":{"line":13,"column":9}},"4":{"start":{"line":12,"column":8},"end":{"line":12,"column":46}},"5":{"start":{"line":14,"column":6},"end":{"line":14,"column":41}},"6":{"start":{"line":16,"column":6},"end":{"line":16,"column":18}},"7":{"start":{"line":21,"column":0},"end":{"line":21,"column":36}}},"fnMap":{"0":{"name":"(anonymous_0)","decl":{"start":{"line":4,"column":2},"end":{"line":4,"column":3}},"loc":{"start":{"line":4,"column":38},"end":{"line":18,"column":3}},"line":4},"1":{"name":"(anonymous_1)","decl":{"start":{"line":11,"column":27},"end":{"line":11,"column":28}},"loc":{"start":{"line":11,"column":34},"end":{"line":13,"column":7}},"line":11}},"branchMap":{},"s":{"0":4,"1":1,"2":1,"3":1,"4":6,"5":1,"6":0,"7":4},"f":{"0":1,"1":6},"b":{},"_coverageSchema":"1a1c01bbd47fc00a2c39e90264f33305004495a9","hash":"ca715a8797715ad2ddd618e3bfd57491277ca25d"}
,"C:\\Users\\USER\\Hacktiv8\\phase-3\\hackmeet-server\\controllers\\userController.js": {"path":"C:\\Users\\USER\\Hacktiv8\\phase-3\\hackmeet-server\\controllers\\userController.js","statementMap":{"0":{"start":{"line":1,"column":28},"end":{"line":1,"column":56}},"1":{"start":{"line":2,"column":22},"end":{"line":2,"column":47}},"2":{"start":{"line":3,"column":17},"end":{"line":3,"column":37}},"3":{"start":{"line":7,"column":32},"end":{"line":7,"column":40}},"4":{"start":{"line":8,"column":4},"end":{"line":16,"column":5}},"5":{"start":{"line":9,"column":22},"end":{"line":9,"column":60}},"6":{"start":{"line":10,"column":6},"end":{"line":13,"column":9}},"7":{"start":{"line":15,"column":6},"end":{"line":15,"column":18}},"8":{"start":{"line":20,"column":32},"end":{"line":20,"column":40}},"9":{"start":{"line":21,"column":4},"end":{"line":40,"column":5}},"10":{"start":{"line":22,"column":6},"end":{"line":24,"column":7}},"11":{"start":{"line":23,"column":8},"end":{"line":23,"column":66}},"12":{"start":{"line":25,"column":6},"end":{"line":27,"column":7}},"13":{"start":{"line":26,"column":8},"end":{"line":26,"column":69}},"14":{"start":{"line":28,"column":17},"end":{"line":32,"column":8}},"15":{"start":{"line":33,"column":6},"end":{"line":35,"column":7}},"16":{"start":{"line":34,"column":8},"end":{"line":34,"column":38}},"17":{"start":{"line":36,"column":25},"end":{"line":36,"column":51}},"18":{"start":{"line":37,"column":6},"end":{"line":37,"column":45}},"19":{"start":{"line":39,"column":6},"end":{"line":39,"column":18}},"20":{"start":{"line":44,"column":0},"end":{"line":44,"column":32}}},"fnMap":{"0":{"name":"(anonymous_0)","decl":{"start":{"line":6,"column":2},"end":{"line":6,"column":3}},"loc":{"start":{"line":6,"column":44},"end":{"line":17,"column":3}},"line":6},"1":{"name":"(anonymous_1)","decl":{"start":{"line":19,"column":2},"end":{"line":19,"column":3}},"loc":{"start":{"line":19,"column":37},"end":{"line":41,"column":3}},"line":19}},"branchMap":{"0":{"loc":{"start":{"line":22,"column":6},"end":{"line":24,"column":7}},"type":"if","locations":[{"start":{"line":22,"column":6},"end":{"line":24,"column":7}},{"start":{},"end":{}}],"line":22},"1":{"loc":{"start":{"line":25,"column":6},"end":{"line":27,"column":7}},"type":"if","locations":[{"start":{"line":25,"column":6},"end":{"line":27,"column":7}},{"start":{},"end":{}}],"line":25},"2":{"loc":{"start":{"line":33,"column":6},"end":{"line":35,"column":7}},"type":"if","locations":[{"start":{"line":33,"column":6},"end":{"line":35,"column":7}},{"start":{},"end":{}}],"line":33},"3":{"loc":{"start":{"line":33,"column":10},"end":{"line":33,"column":60}},"type":"binary-expr","locations":[{"start":{"line":33,"column":10},"end":{"line":33,"column":15}},{"start":{"line":33,"column":19},"end":{"line":33,"column":60}}],"line":33}},"s":{"0":4,"1":4,"2":4,"3":7,"4":7,"5":7,"6":1,"7":6,"8":5,"9":5,"10":5,"11":1,"12":4,"13":1,"14":3,"15":3,"16":2,"17":1,"18":1,"19":4,"20":4},"f":{"0":7,"1":5},"b":{"0":[1,4],"1":[1,3],"2":[2,1],"3":[3,2]},"_coverageSchema":"1a1c01bbd47fc00a2c39e90264f33305004495a9","hash":"9bf50836c9370b5eae59868f78bfa71d8b4a7b35"}
,"C:\\Users\\USER\\Hacktiv8\\phase-3\\hackmeet-server\\helpers\\bcrypt.js": {"path":"C:\\Users\\USER\\Hacktiv8\\phase-3\\hackmeet-server\\helpers\\bcrypt.js","statementMap":{"0":{"start":{"line":1,"column":16},"end":{"line":1,"column":35}},"1":{"start":{"line":4,"column":4},"end":{"line":4,"column":40}},"2":{"start":{"line":8,"column":4},"end":{"line":8,"column":56}},"3":{"start":{"line":11,"column":0},"end":{"line":11,"column":49}}},"fnMap":{"0":{"name":"hashPassword","decl":{"start":{"line":3,"column":9},"end":{"line":3,"column":21}},"loc":{"start":{"line":3,"column":32},"end":{"line":5,"column":1}},"line":3},"1":{"name":"comparePassword","decl":{"start":{"line":7,"column":9},"end":{"line":7,"column":24}},"loc":{"start":{"line":7,"column":51},"end":{"line":9,"column":1}},"line":7}},"branchMap":{},"s":{"0":4,"1":6,"2":2,"3":4},"f":{"0":6,"1":2},"b":{},"_coverageSchema":"1a1c01bbd47fc00a2c39e90264f33305004495a9","hash":"1448ca551cfb95f5d3abaa70ff537624b0afc5dc"}
,"C:\\Users\\USER\\Hacktiv8\\phase-3\\hackmeet-server\\helpers\\jwt.js": {"path":"C:\\Users\\USER\\Hacktiv8\\phase-3\\hackmeet-server\\helpers\\jwt.js","statementMap":{"0":{"start":{"line":1,"column":12},"end":{"line":1,"column":35}},"1":{"start":{"line":2,"column":19},"end":{"line":2,"column":29}},"2":{"start":{"line":5,"column":4},"end":{"line":5,"column":36}},"3":{"start":{"line":9,"column":4},"end":{"line":9,"column":47}},"4":{"start":{"line":12,"column":0},"end":{"line":12,"column":43}}},"fnMap":{"0":{"name":"signToken","decl":{"start":{"line":4,"column":9},"end":{"line":4,"column":18}},"loc":{"start":{"line":4,"column":24},"end":{"line":6,"column":1}},"line":4},"1":{"name":"verifyToken","decl":{"start":{"line":8,"column":9},"end":{"line":8,"column":20}},"loc":{"start":{"line":8,"column":35},"end":{"line":10,"column":1}},"line":8}},"branchMap":{},"s":{"0":4,"1":4,"2":3,"3":15,"4":4},"f":{"0":3,"1":15},"b":{},"_coverageSchema":"1a1c01bbd47fc00a2c39e90264f33305004495a9","hash":"c0c525f93f7e7ccf195b1912f1ac88839181bd11"}
,"C:\\Users\\USER\\Hacktiv8\\phase-3\\hackmeet-server\\middlewares\\errorHandler.js": {"path":"C:\\Users\\USER\\Hacktiv8\\phase-3\\hackmeet-server\\middlewares\\errorHandler.js","statementMap":{"0":{"start":{"line":1,"column":21},"end":{"line":24,"column":1}},"1":{"start":{"line":2,"column":18},"end":{"line":2,"column":41}},"2":{"start":{"line":3,"column":17},"end":{"line":3,"column":20}},"3":{"start":{"line":4,"column":15},"end":{"line":4,"column":25}},"4":{"start":{"line":5,"column":4},"end":{"line":5,"column":22}},"5":{"start":{"line":6,"column":4},"end":{"line":22,"column":5}},"6":{"start":{"line":8,"column":12},"end":{"line":8,"column":24}},"7":{"start":{"line":9,"column":12},"end":{"line":9,"column":35}},"8":{"start":{"line":10,"column":12},"end":{"line":10,"column":17}},"9":{"start":{"line":13,"column":12},"end":{"line":13,"column":24}},"10":{"start":{"line":14,"column":12},"end":{"line":14,"column":45}},"11":{"start":{"line":15,"column":12},"end":{"line":15,"column":17}},"12":{"start":{"line":19,"column":12},"end":{"line":19,"column":24}},"13":{"start":{"line":20,"column":12},"end":{"line":20,"column":46}},"14":{"start":{"line":21,"column":12},"end":{"line":21,"column":17}},"15":{"start":{"line":23,"column":4},"end":{"line":23,"column":38}},"16":{"start":{"line":26,"column":0},"end":{"line":26,"column":29}}},"fnMap":{"0":{"name":"(anonymous_0)","decl":{"start":{"line":1,"column":21},"end":{"line":1,"column":22}},"loc":{"start":{"line":1,"column":48},"end":{"line":24,"column":1}},"line":1}},"branchMap":{"0":{"loc":{"start":{"line":6,"column":4},"end":{"line":22,"column":5}},"type":"switch","locations":[{"start":{"line":7,"column":8},"end":{"line":10,"column":17}},{"start":{"line":11,"column":8},"end":{"line":11,"column":46}},{"start":{"line":12,"column":8},"end":{"line":15,"column":17}},{"start":{"line":16,"column":8},"end":{"line":16,"column":27}},{"start":{"line":17,"column":8},"end":{"line":17,"column":28}},{"start":{"line":18,"column":8},"end":{"line":21,"column":17}}],"line":6}},"s":{"0":4,"1":19,"2":19,"3":19,"4":19,"5":19,"6":6,"7":6,"8":6,"9":6,"10":6,"11":6,"12":7,"13":7,"14":7,"15":19,"16":4},"f":{"0":19},"b":{"0":[6,1,6,2,4,7]},"_coverageSchema":"1a1c01bbd47fc00a2c39e90264f33305004495a9","hash":"7c8f6d9510f810c6eab52b37b6cf92b20c0e0087"}
,"C:\\Users\\USER\\Hacktiv8\\phase-3\\hackmeet-server\\middlewares\\isAuthenticated.js": {"path":"C:\\Users\\USER\\Hacktiv8\\phase-3\\hackmeet-server\\middlewares\\isAuthenticated.js","statementMap":{"0":{"start":{"line":1,"column":24},"end":{"line":1,"column":49}},"1":{"start":{"line":2,"column":17},"end":{"line":2,"column":37}},"2":{"start":{"line":4,"column":0},"end":{"line":22,"column":1}},"3":{"start":{"line":5,"column":2},"end":{"line":21,"column":3}},"4":{"start":{"line":6,"column":27},"end":{"line":6,"column":38}},"5":{"start":{"line":7,"column":4},"end":{"line":9,"column":5}},"6":{"start":{"line":8,"column":6},"end":{"line":8,"column":37}},"7":{"start":{"line":10,"column":18},"end":{"line":10,"column":43}},"8":{"start":{"line":11,"column":15},"end":{"line":11,"column":46}},"9":{"start":{"line":12,"column":4},"end":{"line":14,"column":5}},"10":{"start":{"line":13,"column":6},"end":{"line":13,"column":37}},"11":{"start":{"line":16,"column":4},"end":{"line":16,"column":34}},"12":{"start":{"line":18,"column":4},"end":{"line":18,"column":11}},"13":{"start":{"line":20,"column":4},"end":{"line":20,"column":16}}},"fnMap":{"0":{"name":"(anonymous_0)","decl":{"start":{"line":4,"column":17},"end":{"line":4,"column":18}},"loc":{"start":{"line":4,"column":43},"end":{"line":22,"column":1}},"line":4}},"branchMap":{"0":{"loc":{"start":{"line":7,"column":4},"end":{"line":9,"column":5}},"type":"if","locations":[{"start":{"line":7,"column":4},"end":{"line":9,"column":5}},{"start":{},"end":{}}],"line":7},"1":{"loc":{"start":{"line":12,"column":4},"end":{"line":14,"column":5}},"type":"if","locations":[{"start":{"line":12,"column":4},"end":{"line":14,"column":5}},{"start":{},"end":{}}],"line":12}},"s":{"0":4,"1":4,"2":4,"3":16,"4":16,"5":16,"6":1,"7":15,"8":12,"9":12,"10":1,"11":11,"12":11,"13":5},"f":{"0":16},"b":{"0":[1,15],"1":[1,11]},"_coverageSchema":"1a1c01bbd47fc00a2c39e90264f33305004495a9","hash":"5f6b1c3c3e42f539295a2651dbe6d3496b838440"}
,"C:\\Users\\USER\\Hacktiv8\\phase-3\\hackmeet-server\\models\\index.js": {"path":"C:\\Users\\USER\\Hacktiv8\\phase-3\\hackmeet-server\\models\\index.js","statementMap":{"0":{"start":{"line":3,"column":11},"end":{"line":3,"column":24}},"1":{"start":{"line":4,"column":13},"end":{"line":4,"column":28}},"2":{"start":{"line":5,"column":18},"end":{"line":5,"column":38}},"3":{"start":{"line":6,"column":16},"end":{"line":6,"column":34}},"4":{"start":{"line":7,"column":17},"end":{"line":7,"column":42}},"5":{"start":{"line":8,"column":12},"end":{"line":8,"column":49}},"6":{"start":{"line":9,"column":15},"end":{"line":9,"column":65}},"7":{"start":{"line":10,"column":11},"end":{"line":10,"column":13}},"8":{"start":{"line":13,"column":0},"end":{"line":17,"column":1}},"9":{"start":{"line":14,"column":2},"end":{"line":14,"column":74}},"10":{"start":{"line":16,"column":2},"end":{"line":16,"column":87}},"11":{"start":{"line":19,"column":0},"end":{"line":32,"column":5}},"12":{"start":{"line":22,"column":4},"end":{"line":27,"column":6}},"13":{"start":{"line":30,"column":18},"end":{"line":30,"column":85}},"14":{"start":{"line":31,"column":4},"end":{"line":31,"column":27}},"15":{"start":{"line":34,"column":0},"end":{"line":38,"column":3}},"16":{"start":{"line":35,"column":2},"end":{"line":37,"column":3}},"17":{"start":{"line":36,"column":4},"end":{"line":36,"column":32}},"18":{"start":{"line":40,"column":0},"end":{"line":40,"column":25}},"19":{"start":{"line":41,"column":0},"end":{"line":41,"column":25}},"20":{"start":{"line":43,"column":0},"end":{"line":43,"column":20}}},"fnMap":{"0":{"name":"(anonymous_0)","decl":{"start":{"line":21,"column":10},"end":{"line":21,"column":11}},"loc":{"start":{"line":21,"column":18},"end":{"line":28,"column":3}},"line":21},"1":{"name":"(anonymous_1)","decl":{"start":{"line":29,"column":11},"end":{"line":29,"column":12}},"loc":{"start":{"line":29,"column":19},"end":{"line":32,"column":3}},"line":29},"2":{"name":"(anonymous_2)","decl":{"start":{"line":34,"column":24},"end":{"line":34,"column":25}},"loc":{"start":{"line":34,"column":37},"end":{"line":38,"column":1}},"line":34}},"branchMap":{"0":{"loc":{"start":{"line":8,"column":12},"end":{"line":8,"column":49}},"type":"binary-expr","locations":[{"start":{"line":8,"column":12},"end":{"line":8,"column":32}},{"start":{"line":8,"column":36},"end":{"line":8,"column":49}}],"line":8},"1":{"loc":{"start":{"line":13,"column":0},"end":{"line":17,"column":1}},"type":"if","locations":[{"start":{"line":13,"column":0},"end":{"line":17,"column":1}},{"start":{"line":15,"column":7},"end":{"line":17,"column":1}}],"line":13},"2":{"loc":{"start":{"line":23,"column":6},"end":{"line":26,"column":37}},"type":"binary-expr","locations":[{"start":{"line":23,"column":6},"end":{"line":23,"column":29}},{"start":{"line":24,"column":6},"end":{"line":24,"column":23}},{"start":{"line":25,"column":6},"end":{"line":25,"column":30}},{"start":{"line":26,"column":6},"end":{"line":26,"column":37}}],"line":23},"3":{"loc":{"start":{"line":35,"column":2},"end":{"line":37,"column":3}},"type":"if","locations":[{"start":{"line":35,"column":2},"end":{"line":37,"column":3}},{"start":{},"end":{}}],"line":35}},"s":{"0":4,"1":4,"2":4,"3":4,"4":4,"5":4,"6":4,"7":4,"8":4,"9":0,"10":4,"11":4,"12":20,"13":16,"14":16,"15":4,"16":16,"17":16,"18":4,"19":4,"20":4},"f":{"0":20,"1":16,"2":16},"b":{"0":[4,0],"1":[0,4],"2":[20,20,16,16],"3":[16,0]},"_coverageSchema":"1a1c01bbd47fc00a2c39e90264f33305004495a9","hash":"42c1839cc3a798ba8ee175497824b60cd6966d29"}
,"C:\\Users\\USER\\Hacktiv8\\phase-3\\hackmeet-server\\models\\profile.js": {"path":"C:\\Users\\USER\\Hacktiv8\\phase-3\\hackmeet-server\\models\\profile.js","statementMap":{"0":{"start":{"line":4,"column":4},"end":{"line":4,"column":24}},"1":{"start":{"line":5,"column":0},"end":{"line":58,"column":2}},"2":{"start":{"line":14,"column":6},"end":{"line":14,"column":36}},"3":{"start":{"line":17,"column":2},"end":{"line":56,"column":5}},"4":{"start":{"line":57,"column":2},"end":{"line":57,"column":17}}},"fnMap":{"0":{"name":"(anonymous_0)","decl":{"start":{"line":5,"column":17},"end":{"line":5,"column":18}},"loc":{"start":{"line":5,"column":43},"end":{"line":58,"column":1}},"line":5},"1":{"name":"(anonymous_1)","decl":{"start":{"line":12,"column":4},"end":{"line":12,"column":5}},"loc":{"start":{"line":12,"column":29},"end":{"line":15,"column":5}},"line":12}},"branchMap":{},"s":{"0":4,"1":4,"2":4,"3":4,"4":4},"f":{"0":4,"1":4},"b":{},"_coverageSchema":"1a1c01bbd47fc00a2c39e90264f33305004495a9","hash":"2ca9d88414ad45ee880b993b5249119cbf2e30ab"}
,"C:\\Users\\USER\\Hacktiv8\\phase-3\\hackmeet-server\\models\\question.js": {"path":"C:\\Users\\USER\\Hacktiv8\\phase-3\\hackmeet-server\\models\\question.js","statementMap":{"0":{"start":{"line":4,"column":4},"end":{"line":4,"column":24}},"1":{"start":{"line":5,"column":0},"end":{"line":26,"column":2}},"2":{"start":{"line":16,"column":2},"end":{"line":24,"column":5}},"3":{"start":{"line":25,"column":2},"end":{"line":25,"column":18}}},"fnMap":{"0":{"name":"(anonymous_0)","decl":{"start":{"line":5,"column":17},"end":{"line":5,"column":18}},"loc":{"start":{"line":5,"column":43},"end":{"line":26,"column":1}},"line":5},"1":{"name":"(anonymous_1)","decl":{"start":{"line":12,"column":4},"end":{"line":12,"column":5}},"loc":{"start":{"line":12,"column":29},"end":{"line":14,"column":5}},"line":12}},"branchMap":{},"s":{"0":4,"1":4,"2":4,"3":4},"f":{"0":4,"1":4},"b":{},"_coverageSchema":"1a1c01bbd47fc00a2c39e90264f33305004495a9","hash":"61706b208593769f16a6d6c1f01749330deab503"}
,"C:\\Users\\USER\\Hacktiv8\\phase-3\\hackmeet-server\\models\\room.js": {"path":"C:\\Users\\USER\\Hacktiv8\\phase-3\\hackmeet-server\\models\\room.js","statementMap":{"0":{"start":{"line":4,"column":4},"end":{"line":4,"column":24}},"1":{"start":{"line":5,"column":0},"end":{"line":35,"column":2}},"2":{"start":{"line":16,"column":2},"end":{"line":33,"column":5}},"3":{"start":{"line":34,"column":2},"end":{"line":34,"column":14}}},"fnMap":{"0":{"name":"(anonymous_0)","decl":{"start":{"line":5,"column":17},"end":{"line":5,"column":18}},"loc":{"start":{"line":5,"column":43},"end":{"line":35,"column":1}},"line":5},"1":{"name":"(anonymous_1)","decl":{"start":{"line":12,"column":4},"end":{"line":12,"column":5}},"loc":{"start":{"line":12,"column":29},"end":{"line":14,"column":5}},"line":12}},"branchMap":{},"s":{"0":4,"1":4,"2":4,"3":4},"f":{"0":4,"1":4},"b":{},"_coverageSchema":"1a1c01bbd47fc00a2c39e90264f33305004495a9","hash":"ae9ffd49e9010b4a5b9a7d9a09a1935f0bf28303"}
,"C:\\Users\\USER\\Hacktiv8\\phase-3\\hackmeet-server\\models\\user.js": {"path":"C:\\Users\\USER\\Hacktiv8\\phase-3\\hackmeet-server\\models\\user.js","statementMap":{"0":{"start":{"line":2,"column":18},"end":{"line":2,"column":38}},"1":{"start":{"line":3,"column":25},"end":{"line":3,"column":53}},"2":{"start":{"line":4,"column":0},"end":{"line":55,"column":2}},"3":{"start":{"line":13,"column":6},"end":{"line":13,"column":33}},"4":{"start":{"line":16,"column":2},"end":{"line":50,"column":5}},"5":{"start":{"line":51,"column":2},"end":{"line":53,"column":4}},"6":{"start":{"line":52,"column":4},"end":{"line":52,"column":47}},"7":{"start":{"line":54,"column":2},"end":{"line":54,"column":14}}},"fnMap":{"0":{"name":"(anonymous_0)","decl":{"start":{"line":4,"column":17},"end":{"line":4,"column":18}},"loc":{"start":{"line":4,"column":43},"end":{"line":55,"column":1}},"line":4},"1":{"name":"(anonymous_1)","decl":{"start":{"line":11,"column":4},"end":{"line":11,"column":5}},"loc":{"start":{"line":11,"column":29},"end":{"line":14,"column":5}},"line":11},"2":{"name":"(anonymous_2)","decl":{"start":{"line":51,"column":31},"end":{"line":51,"column":32}},"loc":{"start":{"line":51,"column":49},"end":{"line":53,"column":3}},"line":51}},"branchMap":{},"s":{"0":4,"1":4,"2":4,"3":4,"4":4,"5":4,"6":4,"7":4},"f":{"0":4,"1":4,"2":4},"b":{},"_coverageSchema":"1a1c01bbd47fc00a2c39e90264f33305004495a9","hash":"5c0a5f2b85faeef925c9396cdbfe57f5d517b512"}
,"C:\\Users\\USER\\Hacktiv8\\phase-3\\hackmeet-server\\routers\\index.js": {"path":"C:\\Users\\USER\\Hacktiv8\\phase-3\\hackmeet-server\\routers\\index.js","statementMap":{"0":{"start":{"line":1,"column":16},"end":{"line":1,"column":34}},"1":{"start":{"line":2,"column":23},"end":{"line":2,"column":63}},"2":{"start":{"line":3,"column":26},"end":{"line":3,"column":69}},"3":{"start":{"line":4,"column":27},"end":{"line":4,"column":71}},"4":{"start":{"line":5,"column":24},"end":{"line":5,"column":65}},"5":{"start":{"line":6,"column":15},"end":{"line":6,"column":31}},"6":{"start":{"line":10,"column":0},"end":{"line":10,"column":51}},"7":{"start":{"line":11,"column":0},"end":{"line":11,"column":50}},"8":{"start":{"line":14,"column":0},"end":{"line":14,"column":28}},"9":{"start":{"line":16,"column":0},"end":{"line":16,"column":58}},"10":{"start":{"line":17,"column":0},"end":{"line":17,"column":58}},"11":{"start":{"line":18,"column":0},"end":{"line":18,"column":61}},"12":{"start":{"line":19,"column":0},"end":{"line":19,"column":54}},"13":{"start":{"line":22,"column":0},"end":{"line":22,"column":52}},"14":{"start":{"line":24,"column":0},"end":{"line":24,"column":24}}},"fnMap":{},"branchMap":{},"s":{"0":4,"1":4,"2":4,"3":4,"4":4,"5":4,"6":4,"7":4,"8":4,"9":4,"10":4,"11":4,"12":4,"13":4,"14":4},"f":{},"b":{},"_coverageSchema":"1a1c01bbd47fc00a2c39e90264f33305004495a9","hash":"70c19fc5ce6e9d595eba40a3c5bfd0cf493e56c7"}
}
