TN:
SF:app.js
FN:26,(anonymous_0)
FN:28,(anonymous_1)
FN:51,(anonymous_2)
FNF:3
FNH:0
FNDA:0,(anonymous_0)
FNDA:0,(anonymous_1)
FNDA:0,(anonymous_2)
DA:1,3
DA:2,3
DA:3,3
DA:4,3
DA:5,3
DA:6,3
DA:7,3
DA:8,3
DA:10,3
DA:11,3
DA:12,3
DA:14,3
DA:15,3
DA:17,3
DA:23,3
DA:24,3
DA:26,3
DA:27,0
DA:28,0
DA:29,0
DA:30,0
DA:31,0
DA:33,0
DA:36,0
DA:38,0
DA:40,0
DA:41,0
DA:44,0
DA:45,0
DA:46,0
DA:47,0
DA:51,0
DA:52,0
DA:53,0
DA:60,3
LF:35
LH:18
BRDA:8,0,0,3
BRDA:8,0,1,3
BRDA:29,1,0,0
BRDA:29,1,1,0
BRDA:40,2,0,0
BRDA:40,2,1,0
BRDA:45,3,0,0
BRDA:45,3,1,0
BRF:8
BRH:2
end_of_record
TN:
SF:config\redis.js
FNF:0
FNH:0
DA:1,3
DA:3,3
LF:2
LH:2
BRF:0
BRH:0
end_of_record
TN:
SF:controllers\profileController.js
FN:4,(anonymous_0)
FN:18,(anonymous_1)
FN:28,(anonymous_2)
FNF:3
FNH:0
FNDA:0,(anonymous_0)
FNDA:0,(anonymous_1)
FNDA:0,(anonymous_2)
DA:1,3
DA:5,0
DA:6,0
DA:7,0
DA:8,0
DA:9,0
DA:11,0
DA:12,0
DA:14,0
DA:19,0
DA:20,0
DA:21,0
DA:22,0
DA:24,0
DA:29,0
DA:30,0
DA:31,0
DA:33,0
DA:35,0
DA:36,0
DA:39,0
DA:40,0
DA:43,0
DA:44,0
DA:47,0
DA:50,0
DA:54,0
DA:59,3
LF:28
LH:2
BRDA:8,0,0,0
BRDA:8,0,1,0
BRDA:33,1,0,0
BRDA:33,1,1,0
BRDA:33,1,2,0
BRDA:33,1,3,0
BRF:6
BRH:0
end_of_record
TN:
SF:controllers\questionController.js
FN:4,(anonymous_0)
FN:11,(anonymous_1)
FNF:2
FNH:1
FNDA:1,(anonymous_0)
FNDA:0,(anonymous_1)
DA:1,3
DA:5,1
DA:6,1
DA:11,1
DA:12,0
DA:14,1
DA:16,0
DA:21,3
LF:8
LH:6
BRF:0
BRH:0
end_of_record
TN:
SF:controllers\userController.js
FN:6,(anonymous_0)
FN:19,(anonymous_1)
FNF:2
FNH:2
FNDA:7,(anonymous_0)
FNDA:3,(anonymous_1)
DA:1,3
DA:2,3
DA:3,3
DA:7,7
DA:8,7
DA:9,7
DA:10,1
DA:15,6
DA:20,3
DA:21,3
DA:22,3
DA:23,0
DA:25,3
DA:26,0
DA:28,3
DA:33,3
DA:34,2
DA:36,1
DA:37,1
DA:39,2
DA:44,3
LF:21
LH:19
BRDA:22,0,0,0
BRDA:22,0,1,3
BRDA:25,1,0,0
BRDA:25,1,1,3
BRDA:33,2,0,2
BRDA:33,2,1,1
BRDA:33,3,0,3
BRDA:33,3,1,2
BRF:8
BRH:6
end_of_record
TN:
SF:helpers\bcrypt.js
FN:3,hashPassword
FN:7,comparePassword
FNF:2
FNH:2
FNDA:6,hashPassword
FNDA:2,comparePassword
DA:1,3
DA:4,6
DA:8,2
DA:11,3
LF:4
LH:4
BRF:0
BRH:0
end_of_record
TN:
SF:helpers\jwt.js
FN:4,signToken
FN:8,verifyToken
FNF:2
FNH:2
FNDA:2,signToken
FNDA:1,verifyToken
DA:1,3
DA:2,3
DA:5,2
DA:9,1
DA:12,3
LF:5
LH:5
BRF:0
BRH:0
end_of_record
TN:
SF:middlewares\errorHandler.js
FN:1,(anonymous_0)
FNF:1
FNH:1
FNDA:8,(anonymous_0)
DA:1,3
DA:2,8
DA:3,8
DA:4,8
DA:5,8
DA:7,8
DA:9,0
DA:10,0
DA:11,0
DA:14,6
DA:15,6
DA:16,6
DA:20,2
DA:21,2
DA:22,2
DA:25,8
DA:28,3
LF:17
LH:14
BRDA:7,0,0,0
BRDA:7,0,1,1
BRDA:7,0,2,6
BRDA:7,0,3,2
BRDA:7,0,4,2
BRDA:7,0,5,2
BRF:6
BRH:5
end_of_record
TN:
SF:models\index.js
FN:21,(anonymous_0)
FN:29,(anonymous_1)
FN:34,(anonymous_2)
FNF:3
FNH:3
FNDA:12,(anonymous_0)
FNDA:9,(anonymous_1)
FNDA:9,(anonymous_2)
DA:3,3
DA:4,3
DA:5,3
DA:6,3
DA:7,3
DA:8,3
DA:9,3
DA:10,3
DA:13,3
DA:14,0
DA:16,3
DA:19,3
DA:22,12
DA:30,9
DA:31,9
DA:34,3
DA:35,9
DA:36,9
DA:40,3
DA:41,3
DA:43,3
LF:21
LH:20
BRDA:8,0,0,3
BRDA:8,0,1,0
BRDA:13,1,0,0
BRDA:13,1,1,3
BRDA:23,2,0,12
BRDA:23,2,1,12
BRDA:23,2,2,9
BRDA:23,2,3,9
BRDA:35,3,0,9
BRDA:35,3,1,0
BRF:10
BRH:7
end_of_record
TN:
SF:models\profile.js
FN:5,(anonymous_0)
FN:12,(anonymous_1)
FNF:2
FNH:2
FNDA:3,(anonymous_0)
FNDA:3,(anonymous_1)
DA:4,3
DA:5,3
DA:14,3
DA:17,3
DA:57,3
LF:5
LH:5
BRF:0
BRH:0
end_of_record
TN:
SF:models\question.js
FN:5,(anonymous_0)
FN:12,(anonymous_1)
FNF:2
FNH:2
FNDA:3,(anonymous_0)
FNDA:3,(anonymous_1)
DA:4,3
DA:5,3
DA:16,3
DA:25,3
LF:4
LH:4
BRF:0
BRH:0
end_of_record
TN:
SF:models\user.js
FN:4,(anonymous_0)
FN:11,(anonymous_1)
FN:51,(anonymous_2)
FNF:3
FNH:3
FNDA:3,(anonymous_0)
FNDA:3,(anonymous_1)
FNDA:4,(anonymous_2)
DA:2,3
DA:3,3
DA:4,3
DA:13,3
DA:16,3
DA:51,3
DA:52,4
DA:54,3
LF:8
LH:8
BRF:0
BRH:0
end_of_record
TN:
SF:routers\index.js
FN:15,(anonymous_0)
FNF:1
FNH:1
FNDA:1,(anonymous_0)
DA:1,3
DA:2,3
DA:3,3
DA:4,3
DA:5,3
DA:6,3
DA:7,3
DA:11,3
DA:12,3
DA:15,3
DA:16,1
DA:17,1
DA:18,1
DA:19,0
DA:21,1
DA:22,1
DA:23,1
DA:24,0
DA:26,1
DA:29,1
DA:31,0
DA:35,3
DA:36,3
DA:37,3
DA:40,3
DA:42,3
LF:26
LH:23
BRDA:18,0,0,0
BRDA:18,0,1,1
BRDA:23,1,0,0
BRDA:23,1,1,1
BRF:4
BRH:2
end_of_record
