TN:
SF:app.js
FN:24,(anonymous_0)
FN:26,(anonymous_1)
FN:58,(anonymous_2)
FN:74,(anonymous_3)
FN:78,(anonymous_4)
FN:82,(anonymous_5)
FN:86,(anonymous_6)
FN:109,(anonymous_7)
FNF:8
FNH:5
FNDA:9,(anonymous_0)
FNDA:9,(anonymous_1)
FNDA:0,(anonymous_2)
FNDA:0,(anonymous_3)
FNDA:0,(anonymous_4)
FNDA:1,(anonymous_5)
FNDA:1,(anonymous_6)
FNDA:9,(anonymous_7)
DA:1,4
DA:2,4
DA:3,4
DA:4,4
DA:5,4
DA:6,4
DA:7,4
DA:8,4
DA:9,4
DA:11,4
DA:12,4
DA:13,4
DA:15,4
DA:16,4
DA:18,4
DA:24,4
DA:26,9
DA:27,9
DA:28,9
DA:33,9
DA:34,5
DA:38,5
DA:40,4
DA:45,4
DA:49,9
DA:51,9
DA:52,2
DA:55,0
DA:58,9
DA:59,0
DA:71,0
DA:74,9
DA:75,0
DA:78,9
DA:79,0
DA:82,9
DA:83,1
DA:86,9
DA:87,1
DA:88,1
DA:101,1
DA:102,1
DA:103,1
DA:106,0
DA:109,9
DA:118,4
LF:46
LH:40
BRDA:9,0,0,4
BRDA:9,0,1,4
BRDA:33,1,0,5
BRDA:33,1,1,4
BRDA:51,2,0,2
BRDA:51,2,1,7
BRDA:101,3,0,1
BRDA:101,3,1,0
BRF:8
BRH:7
end_of_record
TN:
SF:controllers\profileController.js
FN:4,(anonymous_0)
FN:18,(anonymous_1)
FN:28,(anonymous_2)
FN:41,(anonymous_3)
FNF:4
FNH:4
FNDA:2,(anonymous_0)
FNDA:1,(anonymous_1)
FNDA:1,(anonymous_2)
FNDA:6,(anonymous_3)
DA:1,4
DA:5,2
DA:6,2
DA:7,2
DA:8,2
DA:9,1
DA:11,1
DA:12,1
DA:14,1
DA:19,1
DA:20,1
DA:21,1
DA:22,1
DA:24,0
DA:29,1
DA:30,1
DA:35,1
DA:37,0
DA:42,6
DA:43,6
DA:44,6
DA:46,6
DA:48,1
DA:49,1
DA:52,1
DA:53,1
DA:56,1
DA:57,1
DA:60,3
DA:63,3
DA:67,3
DA:72,4
LF:32
LH:30
BRDA:8,0,0,1
BRDA:8,0,1,1
BRDA:46,1,0,1
BRDA:46,1,1,1
BRDA:46,1,2,1
BRDA:46,1,3,3
BRF:6
BRH:6
end_of_record
TN:
SF:controllers\questionController.js
FN:4,(anonymous_0)
FN:11,(anonymous_1)
FNF:2
FNH:2
FNDA:1,(anonymous_0)
FNDA:6,(anonymous_1)
DA:1,4
DA:5,1
DA:6,1
DA:11,1
DA:12,6
DA:14,1
DA:16,0
DA:21,4
LF:8
LH:7
BRF:0
BRH:0
end_of_record
TN:
SF:controllers\userController.js
FN:6,(anonymous_0)
FN:19,(anonymous_1)
FNF:2
FNH:2
FNDA:7,(anonymous_0)
FNDA:5,(anonymous_1)
DA:1,4
DA:2,4
DA:3,4
DA:7,7
DA:8,7
DA:9,7
DA:10,1
DA:15,6
DA:20,5
DA:21,5
DA:22,5
DA:23,1
DA:25,4
DA:26,1
DA:28,3
DA:33,3
DA:34,2
DA:36,1
DA:37,1
DA:39,4
DA:44,4
LF:21
LH:21
BRDA:22,0,0,1
BRDA:22,0,1,4
BRDA:25,1,0,1
BRDA:25,1,1,3
BRDA:33,2,0,2
BRDA:33,2,1,1
BRDA:33,3,0,3
BRDA:33,3,1,2
BRF:8
BRH:8
end_of_record
TN:
SF:helpers\bcrypt.js
FN:3,hashPassword
FN:7,comparePassword
FNF:2
FNH:2
FNDA:6,hashPassword
FNDA:2,comparePassword
DA:1,4
DA:4,6
DA:8,2
DA:11,4
LF:4
LH:4
BRF:0
BRH:0
end_of_record
TN:
SF:helpers\jwt.js
FN:4,signToken
FN:8,verifyToken
FNF:2
FNH:2
FNDA:3,signToken
FNDA:15,verifyToken
DA:1,4
DA:2,4
DA:5,3
DA:9,15
DA:12,4
LF:5
LH:5
BRF:0
BRH:0
end_of_record
TN:
SF:middlewares\errorHandler.js
FN:1,(anonymous_0)
FNF:1
FNH:1
FNDA:19,(anonymous_0)
DA:1,4
DA:2,19
DA:3,19
DA:4,19
DA:5,19
DA:6,19
DA:8,6
DA:9,6
DA:10,6
DA:13,6
DA:14,6
DA:15,6
DA:19,7
DA:20,7
DA:21,7
DA:23,19
DA:26,4
LF:17
LH:17
BRDA:6,0,0,6
BRDA:6,0,1,1
BRDA:6,0,2,6
BRDA:6,0,3,2
BRDA:6,0,4,4
BRDA:6,0,5,7
BRF:6
BRH:6
end_of_record
TN:
SF:middlewares\isAuthenticated.js
FN:4,(anonymous_0)
FNF:1
FNH:1
FNDA:16,(anonymous_0)
DA:1,4
DA:2,4
DA:4,4
DA:5,16
DA:6,16
DA:7,16
DA:8,1
DA:10,15
DA:11,12
DA:12,12
DA:13,1
DA:16,11
DA:18,11
DA:20,5
LF:14
LH:14
BRDA:7,0,0,1
BRDA:7,0,1,15
BRDA:12,1,0,1
BRDA:12,1,1,11
BRF:4
BRH:4
end_of_record
TN:
SF:models\history.js
FN:5,(anonymous_0)
FN:12,(anonymous_1)
FNF:2
FNH:2
FNDA:4,(anonymous_0)
FNDA:4,(anonymous_1)
DA:4,4
DA:5,4
DA:16,4
DA:24,4
LF:4
LH:4
BRF:0
BRH:0
end_of_record
TN:
SF:models\index.js
FN:21,(anonymous_0)
FN:29,(anonymous_1)
FN:34,(anonymous_2)
FNF:3
FNH:3
FNDA:24,(anonymous_0)
FNDA:20,(anonymous_1)
FNDA:20,(anonymous_2)
DA:3,4
DA:4,4
DA:5,4
DA:6,4
DA:7,4
DA:8,4
DA:9,4
DA:10,4
DA:13,4
DA:14,0
DA:16,4
DA:19,4
DA:22,24
DA:30,20
DA:31,20
DA:34,4
DA:35,20
DA:36,20
DA:40,4
DA:41,4
DA:43,4
LF:21
LH:20
BRDA:8,0,0,4
BRDA:8,0,1,0
BRDA:13,1,0,0
BRDA:13,1,1,4
BRDA:23,2,0,24
BRDA:23,2,1,24
BRDA:23,2,2,20
BRDA:23,2,3,20
BRDA:35,3,0,20
BRDA:35,3,1,0
BRF:10
BRH:7
end_of_record
TN:
SF:models\profile.js
FN:5,(anonymous_0)
FN:12,(anonymous_1)
FNF:2
FNH:2
FNDA:4,(anonymous_0)
FNDA:4,(anonymous_1)
DA:4,4
DA:5,4
DA:14,4
DA:17,4
DA:56,4
LF:5
LH:5
BRF:0
BRH:0
end_of_record
TN:
SF:models\question.js
FN:5,(anonymous_0)
FN:12,(anonymous_1)
FNF:2
FNH:2
FNDA:4,(anonymous_0)
FNDA:4,(anonymous_1)
DA:4,4
DA:5,4
DA:16,4
DA:25,4
LF:4
LH:4
BRF:0
BRH:0
end_of_record
TN:
SF:models\room.js
FN:5,(anonymous_0)
FN:12,(anonymous_1)
FNF:2
FNH:2
FNDA:4,(anonymous_0)
FNDA:4,(anonymous_1)
DA:4,4
DA:5,4
DA:16,4
DA:34,4
LF:4
LH:4
BRF:0
BRH:0
end_of_record
TN:
SF:models\user.js
FN:4,(anonymous_0)
FN:11,(anonymous_1)
FN:51,(anonymous_2)
FNF:3
FNH:3
FNDA:4,(anonymous_0)
FNDA:4,(anonymous_1)
FNDA:4,(anonymous_2)
DA:2,4
DA:3,4
DA:4,4
DA:13,4
DA:16,4
DA:51,4
DA:52,4
DA:54,4
LF:8
LH:8
BRF:0
BRH:0
end_of_record
TN:
SF:routers\index.js
FNF:0
FNH:0
DA:1,4
DA:2,4
DA:3,4
DA:4,4
DA:5,4
DA:6,4
DA:10,4
DA:11,4
DA:14,4
DA:16,4
DA:17,4
DA:18,4
DA:19,4
DA:22,4
DA:24,4
LF:15
LH:15
BRF:0
BRH:0
end_of_record
